<?xml version="1.0" encoding="UTF-8"?>
<!-- Generated by org.testng.reporters.JUnitXMLReporter -->
<testsuite hostname="DTSIPLS120_MonsterProject" ignored="0" name="BAT4" tests="1" failures="1" timestamp="30 Sep 2020 20:17:29 GMT" time="37.184" errors="0">
  <testcase name="SampleTest2Method" time="35.737" classname="com.demo.sampleTest.SampleTest2">
    <failure type="org.openqa.selenium.ElementClickInterceptedException" message="element click intercepted: Element &amp;lt;span&amp;gt;...&amp;lt;/span&amp;gt; is not clickable at point (436, 12). Other element would receive the click: &amp;lt;input class=&amp;quot;gLFyf gsfi&amp;quot; maxlength=&amp;quot;2048&amp;quot; name=&amp;quot;q&amp;quot; type=&amp;quot;text&amp;quot; jsaction=&amp;quot;paste:puy29d&amp;quot; aria-autocomplete=&amp;quot;both&amp;quot; aria-haspopup=&amp;quot;false&amp;quot; autocapitalize=&amp;quot;off&amp;quot; autocomplete=&amp;quot;off&amp;quot; autocorrect=&amp;quot;off&amp;quot; role=&amp;quot;combobox&amp;quot; spellcheck=&amp;quot;false&amp;quot; title=&amp;quot;Search&amp;quot; value=&amp;quot;shreepartners&amp;quot; aria-label=&amp;quot;Search&amp;quot; data-ved=&amp;quot;0ahUKEwi-jNms2ZHsAhWEbysKHbgUAA0Q39UDCAo&amp;quot;&amp;gt;
  (Session info: MicrosoftEdge=81.0.416.53)
Build info: version: &amp;apos;3.141.59&amp;apos;, revision: &amp;apos;e82be7d358&amp;apos;, time: &amp;apos;2018-11-14T08:25:53&amp;apos;
System info: host: &amp;apos;150-129-2-112&amp;apos;, ip: &amp;apos;150.129.2.112&amp;apos;, os.name: &amp;apos;windows&amp;apos;, os.arch: &amp;apos;x86&amp;apos;, os.version: &amp;apos;10.0&amp;apos;, java.version: &amp;apos;1.8.0_181&amp;apos;
Driver info: driver.version: unknown
Command duration or timeout: 0 milliseconds">
      <![CDATA[org.openqa.selenium.ElementClickInterceptedException: element click intercepted: Element <span>...</span> is not clickable at point (436, 12). Other element would receive the click: <input class="gLFyf gsfi" maxlength="2048" name="q" type="text" jsaction="paste:puy29d" aria-autocomplete="both" aria-haspopup="false" autocapitalize="off" autocomplete="off" autocorrect="off" role="combobox" spellcheck="false" title="Search" value="shreepartners" aria-label="Search" data-ved="0ahUKEwi-jNms2ZHsAhWEbysKHbgUAA0Q39UDCAo">
  (Session info: MicrosoftEdge=81.0.416.53)
Build info: version: '3.141.59', revision: 'e82be7d358', time: '2018-11-14T08:25:53'
System info: host: '150-129-2-112', ip: '150.129.2.112', os.name: 'windows', os.arch: 'x86', os.version: '10.0', java.version: '1.8.0_181'
Driver info: driver.version: unknown
Command duration or timeout: 0 milliseconds
at org.openqa.selenium.remote.ErrorHandler.createThrowable(ErrorHandler.java:214)
at org.openqa.selenium.remote.ErrorHandler.throwIfResponseFailed(ErrorHandler.java:166)
at org.openqa.selenium.remote.http.JsonHttpResponseCodec.reconstructValue(JsonHttpResponseCodec.java:40)
at org.openqa.selenium.remote.http.AbstractHttpResponseCodec.decode(AbstractHttpResponseCodec.java:80)
at org.openqa.selenium.remote.http.AbstractHttpResponseCodec.decode(AbstractHttpResponseCodec.java:44)
at org.openqa.selenium.remote.HttpCommandExecutor.execute(HttpCommandExecutor.java:158)
at org.openqa.selenium.remote.RemoteWebDriver.execute(RemoteWebDriver.java:552)
at org.openqa.selenium.remote.RemoteWebElement.execute(RemoteWebElement.java:285)
at org.openqa.selenium.remote.RemoteWebElement.click(RemoteWebElement.java:84)
at com.demo.webPageMethods.GooglePageMethods.clickOnShreepartnersLink(GooglePageMethods.java:59)
at com.demo.sampleTest.SampleTest2.SampleTest2Method(SampleTest2.java:47)
at java.util.concurrent.FutureTask.run(Unknown Source)
at java.util.concurrent.ThreadPoolExecutor.runWorker(Unknown Source)
at java.util.concurrent.ThreadPoolExecutor$Worker.run(Unknown Source)
at java.lang.Thread.run(Unknown Source)
Caused by: org.openqa.selenium.ElementClickInterceptedException: element click intercepted: Element <span>...</span> is not clickable at point (436, 12). Other element would receive the click: <input class="gLFyf gsfi" maxlength="2048" name="q" type="text" jsaction="paste:puy29d" aria-autocomplete="both" aria-haspopup="false" autocapitalize="off" autocomplete="off" autocorrect="off" role="combobox" spellcheck="false" title="Search" value="shreepartners" aria-label="Search" data-ved="0ahUKEwi-jNms2ZHsAhWEbysKHbgUAA0Q39UDCAo">
  (Session info: MicrosoftEdge=81.0.416.53)
Build info: version: '3.141.59', revision: 'e82be7d358', time: '2018-11-14T08:25:53'
System info: host: '150-129-2-112', ip: '150.129.2.112', os.name: 'windows', os.arch: 'x86', os.version: '10.0', java.version: '1.8.0_181'
Driver info: driver.version: unknown
Build info: version: '3.141.59', revision: 'e82be7d358', time: '2018-11-14T08:17:03'
System info: host: 'DTSIPLS120_MONS', ip: '10.0.30.74', os.name: 'Windows 10', os.arch: 'amd64', os.version: '10.0', java.version: '1.8.0_191'
Driver info: driver.version: unknown
... Removed 20 stack frames]]>
    </failure>
  </testcase> <!-- SampleTest2Method -->
</testsuite> <!-- BAT4 -->
