<?xml version="1.0" encoding="UTF-8"?>
<!-- Generated by org.testng.reporters.JUnitXMLReporter -->
<testsuite ignored="0" hostname="sapjump302" failures="1" tests="3" name="BAT2" time="341.072" errors="0" timestamp="20 Jan 2020 11:00:34 GMT">
  <testcase classname="com.monster.sampleTest.SampleTest2" name="SampleTest2Method" time="105.295">
    <skipped/>
  </testcase> <!-- SampleTest2Method -->
  <testcase classname="com.monster.sampleTest.SampleTest2" name="SampleTest2Method" time="115.59">
    <skipped/>
  </testcase> <!-- SampleTest2Method -->
  <testcase classname="com.monster.sampleTest.SampleTest2" name="SampleTest2Method" time="118.725">
    <failure type="java.lang.AssertionError" message="expected [true] but found [false]">
      <![CDATA[java.lang.AssertionError: expected [true] but found [false]
at com.monster.uility.ValidationUtil.validateTestStep(ValidationUtil.java:27)
at com.monster.sampleTest.SampleTest2.SampleTest2Method(SampleTest2.java:143)
at java.base/java.util.concurrent.FutureTask.run(FutureTask.java:264)
at java.base/java.util.concurrent.ThreadPoolExecutor.runWorker(ThreadPoolExecutor.java:1128)
at java.base/java.util.concurrent.ThreadPoolExecutor$Worker.run(ThreadPoolExecutor.java:628)
at java.base/java.lang.Thread.run(Thread.java:834)
... Removed 20 stack frames]]>
    </failure>
  </testcase> <!-- SampleTest2Method -->
</testsuite> <!-- BAT2 -->
