<?xml version="1.0" encoding="UTF-8"?>
<testng-results skipped="0" failed="1" ignored="0" total="2" passed="1">
  <reporter-output>
  </reporter-output>
  <suite name="BATTestCase1" duration-ms="63489" started-at="2020-10-01T15:05:34Z" finished-at="2020-10-01T15:06:38Z">
    <groups>
    </groups>
    <test name="BAT4" duration-ms="9473" started-at="2020-10-01T15:05:34Z" finished-at="2020-10-01T15:05:44Z">
      <class name="com.demo.sampleTest.SampleTest2">
        <test-method status="PASS" signature="suiteSetup(org.testng.ITestContext)[pri:0, instance:com.demo.sampleTest.SampleTest2@6325a3ee]" name="suiteSetup" is-config="true" duration-ms="108" started-at="2020-10-01T15:05:34Z" finished-at="2020-10-01T15:05:34Z">
          <params>
            <param index="0">
              <value>
                <![CDATA[org.testng.TestRunner@6d474680]]>
              </value>
            </param>
          </params>
          <reporter-output>
          </reporter-output>
        </test-method> <!-- suiteSetup -->
        <test-method status="PASS" signature="setup(org.testng.ITestResult, org.testng.ITestContext)[pri:0, instance:com.demo.sampleTest.SampleTest2@6325a3ee]" name="setup" is-config="true" duration-ms="4" started-at="2020-10-01T15:05:34Z" finished-at="2020-10-01T15:05:34Z">
          <params>
            <param index="0">
              <value>
                <![CDATA[[TestResult name=SampleTest2Method status=FAILURE method=SampleTest2.SampleTest2Method(java.lang.String)[pri:0, instance:com.demo.sampleTest.SampleTest2@6325a3ee] output={null}]]]>
              </value>
            </param>
            <param index="1">
              <value>
                <![CDATA[org.testng.TestRunner@6d474680]]>
              </value>
            </param>
          </params>
          <reporter-output>
          </reporter-output>
        </test-method> <!-- setup -->
        <test-method status="FAIL" signature="SampleTest2Method(java.lang.String)[pri:0, instance:com.demo.sampleTest.SampleTest2@6325a3ee]" name="SampleTest2Method" duration-ms="9453" started-at="2020-10-01T15:05:34Z" finished-at="2020-10-01T15:05:44Z">
          <params>
            <param index="0">
              <value>
                <![CDATA[Android]]>
              </value>
            </param>
          </params>
          <exception class="java.lang.AssertionError">
            <message>
              <![CDATA[expected [true] but found [false]]]>
            </message>
            <full-stacktrace>
              <![CDATA[java.lang.AssertionError: expected [true] but found [false]
at org.testng.Assert.fail(Assert.java:96)
at org.testng.Assert.failNotEquals(Assert.java:776)
at org.testng.Assert.assertTrue(Assert.java:44)
at org.testng.Assert.assertTrue(Assert.java:54)
at com.demo.uility.ValidationUtil.validateTestStep(ValidationUtil.java:27)
at com.demo.managers.WebPageDriverManager.createRemoteDriver(WebPageDriverManager.java:179)
at com.demo.managers.WebPageDriverManager.createNewDriver(WebPageDriverManager.java:81)
at com.demo.managers.WebPageDriverManager.getDriver(WebPageDriverManager.java:59)
at com.demo.baseClass.BaseClass.openBrowser(BaseClass.java:68)
at com.demo.sampleTest.SampleTest2.SampleTest2Method(SampleTest2.java:35)
at sun.reflect.NativeMethodAccessorImpl.invoke0(Native Method)
at sun.reflect.NativeMethodAccessorImpl.invoke(Unknown Source)
at sun.reflect.DelegatingMethodAccessorImpl.invoke(Unknown Source)
at java.lang.reflect.Method.invoke(Unknown Source)
at org.testng.internal.MethodInvocationHelper.invokeMethod(MethodInvocationHelper.java:124)
at org.testng.internal.Invoker.invokeMethod(Invoker.java:583)
at org.testng.internal.Invoker.invokeTestMethod(Invoker.java:719)
at org.testng.internal.Invoker.invokeTestMethods(Invoker.java:989)
at org.testng.internal.TestMethodWorker.invokeTestMethods(TestMethodWorker.java:125)
at org.testng.internal.TestMethodWorker.run(TestMethodWorker.java:109)
at org.testng.TestRunner.privateRun(TestRunner.java:648)
at org.testng.TestRunner.run(TestRunner.java:505)
at org.testng.SuiteRunner.runTest(SuiteRunner.java:455)
at org.testng.SuiteRunner.access$000(SuiteRunner.java:40)
at org.testng.SuiteRunner$SuiteWorker.run(SuiteRunner.java:489)
at org.testng.internal.thread.ThreadUtil$1.call(ThreadUtil.java:52)
at java.util.concurrent.FutureTask.run(Unknown Source)
at java.util.concurrent.ThreadPoolExecutor.runWorker(Unknown Source)
at java.util.concurrent.ThreadPoolExecutor$Worker.run(Unknown Source)
at java.lang.Thread.run(Unknown Source)
]]>
            </full-stacktrace>
          </exception> <!-- java.lang.AssertionError -->
          <reporter-output>
          </reporter-output>
        </test-method> <!-- SampleTest2Method -->
        <test-method status="FAIL" signature="tearDown(org.testng.ITestResult, org.testng.ITestContext)[pri:0, instance:com.demo.sampleTest.SampleTest2@6325a3ee]" name="tearDown" is-config="true" duration-ms="0" started-at="2020-10-01T15:05:44Z" finished-at="2020-10-01T15:05:44Z">
          <params>
            <param index="0">
              <value>
                <![CDATA[[TestResult name=SampleTest2Method status=FAILURE method=SampleTest2.SampleTest2Method(java.lang.String)[pri:0, instance:com.demo.sampleTest.SampleTest2@6325a3ee] output={null}]]]>
              </value>
            </param>
            <param index="1">
              <value>
                <![CDATA[org.testng.TestRunner@6d474680]]>
              </value>
            </param>
          </params>
          <exception class="java.lang.NullPointerException">
            <full-stacktrace>
              <![CDATA[java.lang.NullPointerException
at com.demo.baseClass.BaseClass.tearDown(BaseClass.java:128)
at sun.reflect.NativeMethodAccessorImpl.invoke0(Native Method)
at sun.reflect.NativeMethodAccessorImpl.invoke(Unknown Source)
at sun.reflect.DelegatingMethodAccessorImpl.invoke(Unknown Source)
at java.lang.reflect.Method.invoke(Unknown Source)
at org.testng.internal.MethodInvocationHelper.invokeMethod(MethodInvocationHelper.java:124)
at org.testng.internal.MethodInvocationHelper.invokeMethodConsideringTimeout(MethodInvocationHelper.java:59)
at org.testng.internal.Invoker.invokeConfigurationMethod(Invoker.java:458)
at org.testng.internal.Invoker.invokeConfigurations(Invoker.java:222)
at org.testng.internal.Invoker.invokeMethod(Invoker.java:646)
at org.testng.internal.Invoker.invokeTestMethod(Invoker.java:719)
at org.testng.internal.Invoker.invokeTestMethods(Invoker.java:989)
at org.testng.internal.TestMethodWorker.invokeTestMethods(TestMethodWorker.java:125)
at org.testng.internal.TestMethodWorker.run(TestMethodWorker.java:109)
at org.testng.TestRunner.privateRun(TestRunner.java:648)
at org.testng.TestRunner.run(TestRunner.java:505)
at org.testng.SuiteRunner.runTest(SuiteRunner.java:455)
at org.testng.SuiteRunner.access$000(SuiteRunner.java:40)
at org.testng.SuiteRunner$SuiteWorker.run(SuiteRunner.java:489)
at org.testng.internal.thread.ThreadUtil$1.call(ThreadUtil.java:52)
at java.util.concurrent.FutureTask.run(Unknown Source)
at java.util.concurrent.ThreadPoolExecutor.runWorker(Unknown Source)
at java.util.concurrent.ThreadPoolExecutor$Worker.run(Unknown Source)
at java.lang.Thread.run(Unknown Source)
]]>
            </full-stacktrace>
          </exception> <!-- java.lang.NullPointerException -->
          <reporter-output>
          </reporter-output>
        </test-method> <!-- tearDown -->
        <test-method status="PASS" signature="cleanupSuite(org.testng.ITestContext)[pri:0, instance:com.demo.sampleTest.SampleTest2@6325a3ee]" name="cleanupSuite" is-config="true" duration-ms="180" started-at="2020-10-01T15:06:38Z" finished-at="2020-10-01T15:06:38Z">
          <params>
            <param index="0">
              <value>
                <![CDATA[org.testng.TestRunner@6d474680]]>
              </value>
            </param>
          </params>
          <reporter-output>
          </reporter-output>
        </test-method> <!-- cleanupSuite -->
      </class> <!-- com.demo.sampleTest.SampleTest2 -->
    </test> <!-- BAT4 -->
    <test name="BAT3" duration-ms="63489" started-at="2020-10-01T15:05:34Z" finished-at="2020-10-01T15:06:38Z">
      <class name="com.demo.sampleTest.SampleTest2">
        <test-method status="PASS" signature="setup(org.testng.ITestResult, org.testng.ITestContext)[pri:0, instance:com.demo.sampleTest.SampleTest2@78c03f1f]" name="setup" is-config="true" duration-ms="4" started-at="2020-10-01T15:05:34Z" finished-at="2020-10-01T15:05:34Z">
          <params>
            <param index="0">
              <value>
                <![CDATA[[TestResult name=SampleTest2Method status=SUCCESS method=SampleTest2.SampleTest2Method(java.lang.String)[pri:0, instance:com.demo.sampleTest.SampleTest2@78c03f1f] output={null}]]]>
              </value>
            </param>
            <param index="1">
              <value>
                <![CDATA[org.testng.TestRunner@385c9627]]>
              </value>
            </param>
          </params>
          <reporter-output>
          </reporter-output>
        </test-method> <!-- setup -->
        <test-method status="PASS" signature="SampleTest2Method(java.lang.String)[pri:0, instance:com.demo.sampleTest.SampleTest2@78c03f1f]" name="SampleTest2Method" duration-ms="61359" started-at="2020-10-01T15:05:34Z" finished-at="2020-10-01T15:06:36Z">
          <params>
            <param index="0">
              <value>
                <![CDATA[Android]]>
              </value>
            </param>
          </params>
          <reporter-output>
          </reporter-output>
        </test-method> <!-- SampleTest2Method -->
        <test-method status="PASS" signature="tearDown(org.testng.ITestResult, org.testng.ITestContext)[pri:0, instance:com.demo.sampleTest.SampleTest2@78c03f1f]" name="tearDown" is-config="true" duration-ms="2114" started-at="2020-10-01T15:06:36Z" finished-at="2020-10-01T15:06:38Z">
          <params>
            <param index="0">
              <value>
                <![CDATA[[TestResult name=SampleTest2Method status=SUCCESS method=SampleTest2.SampleTest2Method(java.lang.String)[pri:0, instance:com.demo.sampleTest.SampleTest2@78c03f1f] output={null}]]]>
              </value>
            </param>
            <param index="1">
              <value>
                <![CDATA[org.testng.TestRunner@385c9627]]>
              </value>
            </param>
          </params>
          <reporter-output>
          </reporter-output>
        </test-method> <!-- tearDown -->
      </class> <!-- com.demo.sampleTest.SampleTest2 -->
    </test> <!-- BAT3 -->
  </suite> <!-- BATTestCase1 -->
</testng-results>
