<?xml version="1.0" encoding="UTF-8"?>
<!-- Generated by org.testng.reporters.JUnitReportReporter -->
<testsuite skipped="2" hostname="DTSIPLS120_MonsterProject" name="com.demo.sampleTest.SampleTest3" tests="3" failures="1" timestamp="24 Sep 2020 16:21:42 GMT" time="107.123" errors="0">
  <testcase name="SampleTest3Method" time="31.953" classname="com.demo.sampleTest.SampleTest3">
    <skipped/>
  </testcase> <!-- SampleTest3Method -->
  <testcase name="SampleTest3Method" time="43.390" classname="com.demo.sampleTest.SampleTest3">
    <skipped/>
  </testcase> <!-- SampleTest3Method -->
  <testcase name="SampleTest3Method" time="31.780" classname="com.demo.sampleTest.SampleTest3">
    <failure type="com.codeborne.selenide.ex.ElementNotFound" message="Element not found {By.xpath: //input[@placeholder=&#039;Username&#039;]}
Expected: visible
Screenshot: file:/D:/SpiritWorkSpaces/WorkSpace16Oct19/MonsterAutomationFramework/build/reports/tests/1600964501559.8.png
Page source: file:/D:/SpiritWorkSpaces/WorkSpace16Oct19/MonsterAutomationFramework/build/reports/tests/1600964501559.8.html
Timeout: 10 ms.
Caused by: NoSuchElementException: Unable to find element with xpath == //input[@placeholder=&#039;Username&#039;]">
      <![CDATA[Element not found {By.xpath: //input[@placeholder='Username']}
Expected: visible
Screenshot: file:/D:/SpiritWorkSpaces/WorkSpace16Oct19/MonsterAutomationFramework/build/reports/tests/1600964501559.8.png
Page source: file:/D:/SpiritWorkSpaces/WorkSpace16Oct19/MonsterAutomationFramework/build/reports/tests/1600964501559.8.html
Timeout: 10 ms.
Caused by: NoSuchElementException: Unable to find element with xpath == //input[@placeholder='Username']
at com.codeborne.selenide.impl.WebElementSource.createElementNotFoundError(WebElementSource.java:37)
at com.codeborne.selenide.impl.ElementFinder.createElementNotFoundError(ElementFinder.java:100)
at com.codeborne.selenide.impl.WebElementSource.checkCondition(WebElementSource.java:65)
at com.codeborne.selenide.commands.Should.execute(Should.java:24)
at com.codeborne.selenide.commands.Should.execute(Should.java:10)
at com.codeborne.selenide.commands.Commands.execute(Commands.java:145)
at com.codeborne.selenide.impl.SelenideElementProxy.dispatchAndRetry(SelenideElementProxy.java:99)
at com.codeborne.selenide.impl.SelenideElementProxy.invoke(SelenideElementProxy.java:65)
at com.sun.proxy.$Proxy11.waitUntil(Unknown Source)
at com.demo.uility.SelenideUtil.getSelenideElement(SelenideUtil.java:20)
at com.demo.uility.SelenideUtil.setValue(SelenideUtil.java:44)
at com.demo.webPageMethods.LoginPageMethods.loginToApplication(LoginPageMethods.java:36)
at com.demo.sampleTest.SampleTest3.SampleTest3Method(SampleTest3.java:47)
at sun.reflect.NativeMethodAccessorImpl.invoke0(Native Method)
at sun.reflect.NativeMethodAccessorImpl.invoke(Unknown Source)
at sun.reflect.DelegatingMethodAccessorImpl.invoke(Unknown Source)
at java.lang.reflect.Method.invoke(Unknown Source)
at org.testng.internal.MethodInvocationHelper.invokeMethod(MethodInvocationHelper.java:124)
at org.testng.internal.Invoker.invokeMethod(Invoker.java:583)
at org.testng.internal.Invoker.retryFailed(Invoker.java:839)
at org.testng.internal.Invoker.invokeTestMethods(Invoker.java:1010)
at org.testng.internal.TestMethodWorker.invokeTestMethods(TestMethodWorker.java:125)
at org.testng.internal.TestMethodWorker.run(TestMethodWorker.java:109)
at org.testng.TestRunner.privateRun(TestRunner.java:648)
at org.testng.TestRunner.run(TestRunner.java:505)
at org.testng.SuiteRunner.runTest(SuiteRunner.java:455)
at org.testng.SuiteRunner.access$000(SuiteRunner.java:40)
at org.testng.SuiteRunner$SuiteWorker.run(SuiteRunner.java:489)
at org.testng.internal.thread.ThreadUtil$1.call(ThreadUtil.java:52)
at java.util.concurrent.FutureTask.run(Unknown Source)
at java.util.concurrent.ThreadPoolExecutor.runWorker(Unknown Source)
at java.util.concurrent.ThreadPoolExecutor$Worker.run(Unknown Source)
at java.lang.Thread.run(Unknown Source)
Caused by: org.openqa.selenium.NoSuchElementException: Unable to find element with xpath == //input[@placeholder='Username']
For documentation on this error, please visit: https://www.seleniumhq.org/exceptions/no_such_element.html
Build info: version: '3.141.59', revision: 'e82be7d358', time: '2018-11-14T08:17:03'
System info: host: 'DTSIPLS120_MONS', ip: '10.0.30.74', os.name: 'Windows 10', os.arch: 'amd64', os.version: '10.0', java.version: '1.8.0_191'
Driver info: org.openqa.selenium.remote.RemoteWebDriver
Capabilities {acceptInsecureCerts: false, browserName: internet explorer, browserVersion: 11, javascriptEnabled: true, pageLoadStrategy: normal, platform: WINDOWS, platformName: WINDOWS, proxy: Proxy(), se:ieOptions: {browserAttachTimeout: 0, elementScrollBehavior: 0, enablePersistentHover: true, ie.browserCommandLineSwitches: , ie.ensureCleanSession: false, ie.fileUploadDialogTimeout: 3000, ie.forceCreateProcessApi: false, ignoreProtectedModeSettings: false, ignoreZoomSetting: false, initialBrowserUrl: http://localhost:8721/, nativeEvents: true, requireWindowFocus: false}, setWindowRect: true, timeouts: {implicit: 0, pageLoad: 300000, script: 30000}, webdriver.remote.sessionid: b4dbdbe4-a34b-4f38-b5b2-164...}
Session ID: b4dbdbe4-a34b-4f38-b5b2-164120b49090
*** Element info: {Using=xpath, value=//input[@placeholder='Username']}
at sun.reflect.NativeConstructorAccessorImpl.newInstance0(Native Method)
at sun.reflect.NativeConstructorAccessorImpl.newInstance(Unknown Source)
at sun.reflect.DelegatingConstructorAccessorImpl.newInstance(Unknown Source)
at java.lang.reflect.Constructor.newInstance(Unknown Source)
at org.openqa.selenium.remote.http.W3CHttpResponseCodec.createException(W3CHttpResponseCodec.java:187)
at org.openqa.selenium.remote.http.W3CHttpResponseCodec.decode(W3CHttpResponseCodec.java:122)
at org.openqa.selenium.remote.http.W3CHttpResponseCodec.decode(W3CHttpResponseCodec.java:49)
at org.openqa.selenium.remote.HttpCommandExecutor.execute(HttpCommandExecutor.java:158)
at org.openqa.selenium.remote.RemoteWebDriver.execute(RemoteWebDriver.java:552)
at org.openqa.selenium.remote.RemoteWebDriver.findElement(RemoteWebDriver.java:323)
at org.openqa.selenium.remote.RemoteWebDriver.findElementByXPath(RemoteWebDriver.java:428)
at org.openqa.selenium.By$ByXPath.findElement(By.java:353)
at org.openqa.selenium.remote.RemoteWebDriver.findElement(RemoteWebDriver.java:315)
at com.codeborne.selenide.impl.WebElementSelector.findElement(WebElementSelector.java:30)
at com.codeborne.selenide.impl.ElementFinder.getWebElement(ElementFinder.java:74)
at com.codeborne.selenide.impl.WebElementSource.checkCondition(WebElementSource.java:50)
... 30 more
]]>
    </failure>
  </testcase> <!-- SampleTest3Method -->
</testsuite> <!-- com.demo.sampleTest.SampleTest3 -->
