<?xml version="1.0" encoding="UTF-8"?>
<!-- Generated by org.testng.reporters.JUnitXMLReporter -->
<testsuite ignored="0" hostname="sapjump302" failures="1" tests="1" name="Test1" time="22.558" errors="0" timestamp="18 Jan 2020 15:39:55 GMT">
  <testcase classname="com.monster.runner.SampleTest1" name="SampleTest1Method" time="21.163">
    <failure type="java.lang.AssertionError" message="expected [true] but found [false]">
      <![CDATA[java.lang.AssertionError: expected [true] but found [false]
at com.monster.uility.ValidationUtil.validateTestStep(ValidationUtil.java:27)
at com.monster.runner.SampleTest1.SampleTest1Method(SampleTest1.java:67)
... Removed 29 stack frames]]>
    </failure>
  </testcase> <!-- SampleTest1Method -->
</testsuite> <!-- Test1 -->
