<?xml version="1.0" encoding="UTF-8"?>
<!-- Generated by org.testng.reporters.JUnitXMLReporter -->
<testsuite hostname="DTSIPLS120_MonsterProject" ignored="0" name="BAT4" tests="1" failures="1" timestamp="01 Oct 2020 15:05:44 GMT" time="9.473" errors="0">
  <testcase name="@AfterMethod tearDown" time="0.0" classname="com.demo.baseClass.BaseClass">
    <failure type="java.lang.NullPointerException">
      <![CDATA[java.lang.NullPointerException
at com.demo.baseClass.BaseClass.tearDown(BaseClass.java:128)
at java.util.concurrent.FutureTask.run(Unknown Source)
at java.util.concurrent.ThreadPoolExecutor.runWorker(Unknown Source)
at java.util.concurrent.ThreadPoolExecutor$Worker.run(Unknown Source)
at java.lang.Thread.run(Unknown Source)
... Removed 19 stack frames]]>
    </failure>
  </testcase> <!-- @AfterMethod tearDown -->
  <testcase name="SampleTest2Method" time="9.453" classname="com.demo.sampleTest.SampleTest2">
    <failure type="java.lang.AssertionError" message="expected [true] but found [false]">
      <![CDATA[java.lang.AssertionError: expected [true] but found [false]
at com.demo.uility.ValidationUtil.validateTestStep(ValidationUtil.java:27)
at com.demo.managers.WebPageDriverManager.createRemoteDriver(WebPageDriverManager.java:179)
at com.demo.managers.WebPageDriverManager.createNewDriver(WebPageDriverManager.java:81)
at com.demo.managers.WebPageDriverManager.getDriver(WebPageDriverManager.java:59)
at com.demo.baseClass.BaseClass.openBrowser(BaseClass.java:68)
at com.demo.sampleTest.SampleTest2.SampleTest2Method(SampleTest2.java:35)
at java.util.concurrent.FutureTask.run(Unknown Source)
at java.util.concurrent.ThreadPoolExecutor.runWorker(Unknown Source)
at java.util.concurrent.ThreadPoolExecutor$Worker.run(Unknown Source)
at java.lang.Thread.run(Unknown Source)
... Removed 20 stack frames]]>
    </failure>
  </testcase> <!-- SampleTest2Method -->
</testsuite> <!-- BAT4 -->
